build/app/intermediates/manifest_merge_blame_file/release/manifest-merger-blame-release-report.txt
1<?xml version="1.0" encoding="utf-8"?>
2<manifest xmlns:android="http://schemas.android.com/apk/res/android"
3    package="com.infotaxsquare.lashari.info_tax_square.info_tax_square"
4    android:versionCode="1"
5    android:versionName="1.0.0" >
6
7    <uses-sdk
8        android:minSdkVersion="21"
8-->src\main\AndroidManifest.xml
9        android:targetSdkVersion="33" />
9-->src\main\AndroidManifest.xml
10
11    <uses-permission android:name="android.permission.INTERNET" />
11-->src\main\AndroidManifest.xml:5:5-67
11-->src\main\AndroidManifest.xml:5:22-64
12    <uses-permission android:name="android.permission.READ_EXTERNAL_STORAGE" />
12-->src\main\AndroidManifest.xml:6:5-79
12-->src\main\AndroidManifest.xml:6:22-77
13    <uses-permission android:name="android.permission.WRITE_EXTERNAL_STORAGE" />
13-->src\main\AndroidManifest.xml:7:5-80
13-->src\main\AndroidManifest.xml:7:22-78
14    <uses-permission android:name="android.permission.WAKE_LOCK" />
14-->[:firebase_messaging] AndroidManifest.xml:10:5-68
14-->[:firebase_messaging] AndroidManifest.xml:10:22-65
15    <uses-permission android:name="android.permission.ACCESS_NETWORK_STATE" /> <!-- Permissions options for the `notification` group -->
15-->[:firebase_messaging] AndroidManifest.xml:11:5-79
15-->[:firebase_messaging] AndroidManifest.xml:11:22-76
16    <uses-permission android:name="android.permission.POST_NOTIFICATIONS" />
16-->[:firebase_messaging] AndroidManifest.xml:13:5-77
16-->[:firebase_messaging] AndroidManifest.xml:13:22-74
17
18    <queries>
18-->[:file_picker] AndroidManifest.xml:11:5-17:15
19        <intent>
19-->[:file_picker] AndroidManifest.xml:12:9-16:18
20            <action android:name="android.intent.action.GET_CONTENT" />
20-->[:file_picker] AndroidManifest.xml:13:13-72
20-->[:file_picker] AndroidManifest.xml:13:21-69
21
22            <data android:mimeType="*/*" />
22-->[:file_picker] AndroidManifest.xml:15:13-44
22-->[:file_picker] AndroidManifest.xml:15:19-41
23        </intent>
24    </queries>
25
26    <uses-permission android:name="android.permission.RECEIVE_BOOT_COMPLETED" />
26-->[:flutter_local_notifications] AndroidManifest.xml:9:5-81
26-->[:flutter_local_notifications] AndroidManifest.xml:9:22-78
27    <uses-permission android:name="android.permission.VIBRATE" />
27-->[:flutter_local_notifications] AndroidManifest.xml:10:5-66
27-->[:flutter_local_notifications] AndroidManifest.xml:10:22-63
28    <uses-permission android:name="android.permission.USE_FULL_SCREEN_INTENT" />
28-->[:flutter_local_notifications] AndroidManifest.xml:11:5-81
28-->[:flutter_local_notifications] AndroidManifest.xml:11:22-78
29    <uses-permission android:name="android.permission.SCHEDULE_EXACT_ALARM" /> <!-- Required by older versions of Google Play services to create IID tokens -->
29-->[:flutter_local_notifications] AndroidManifest.xml:12:5-79
29-->[:flutter_local_notifications] AndroidManifest.xml:12:22-76
30    <uses-permission android:name="com.google.android.c2dm.permission.RECEIVE" />
30-->[com.google.firebase:firebase-iid:21.1.0] AndroidManifest.xml:26:5-82
30-->[com.google.firebase:firebase-iid:21.1.0] AndroidManifest.xml:26:22-79
31    <uses-permission android:name="com.google.android.gms.permission.AD_ID" />
31-->[com.google.android.gms:play-services-measurement-api:21.2.0] AndroidManifest.xml:25:5-79
31-->[com.google.android.gms:play-services-measurement-api:21.2.0] AndroidManifest.xml:25:22-76
32    <uses-permission android:name="com.google.android.finsky.permission.BIND_GET_INSTALL_REFERRER_SERVICE" /> <!-- <uses-permission android:name="android.permission.READ_PHONE_STATE" /> -->
32-->[com.google.android.gms:play-services-measurement:21.2.0] AndroidManifest.xml:26:5-110
32-->[com.google.android.gms:play-services-measurement:21.2.0] AndroidManifest.xml:26:22-107
33    <application
34        android:name="android.app.Application"
34-->src\main\AndroidManifest.xml:12:9-42
35        android:appComponentFactory="androidx.core.app.CoreComponentFactory"
35-->[androidx.core:core:1.8.0] AndroidManifest.xml:24:18-86
36        android:icon="@mipmap/launcher_icon"
36-->src\main\AndroidManifest.xml:14:9-45
37        android:label="InfoTaxSquare"
37-->src\main\AndroidManifest.xml:11:9-38
38        android:requestLegacyExternalStorage="true" >
38-->src\main\AndroidManifest.xml:13:9-52
39        <activity
39-->src\main\AndroidManifest.xml:15:9-57:20
40            android:name="com.infotaxsquare.lashari.info_tax_square.info_tax_square.MainActivity"
40-->src\main\AndroidManifest.xml:16:13-41
41            android:configChanges="orientation|keyboardHidden|keyboard|screenSize|smallestScreenSize|locale|layoutDirection|fontScale|screenLayout|density|uiMode"
41-->src\main\AndroidManifest.xml:20:13-163
42            android:exported="true"
42-->src\main\AndroidManifest.xml:17:13-36
43            android:hardwareAccelerated="true"
43-->src\main\AndroidManifest.xml:21:13-47
44            android:launchMode="singleTop"
44-->src\main\AndroidManifest.xml:18:13-43
45            android:showWhenLocked="true"
45-->src\main\AndroidManifest.xml:22:13-42
46            android:theme="@style/LaunchTheme"
46-->src\main\AndroidManifest.xml:19:13-47
47            android:turnScreenOn="true"
47-->src\main\AndroidManifest.xml:23:13-40
48            android:windowSoftInputMode="adjustResize" >
48-->src\main\AndroidManifest.xml:24:13-55
49
50            <!--
51                 Specifies an Android theme to apply to this Activity as soon as
52                 the Android process has started. This theme is visible to the user
53                 while the Flutter UI initializes. After that, this theme continues
54                 to determine the Window background behind the Flutter UI.
55            -->
56            <meta-data
56-->src\main\AndroidManifest.xml:29:13-32:17
57                android:name="io.flutter.embedding.android.NormalTheme"
57-->src\main\AndroidManifest.xml:30:15-70
58                android:resource="@style/NormalTheme" />
58-->src\main\AndroidManifest.xml:31:15-52
59            <meta-data
59-->src\main\AndroidManifest.xml:33:13-35:59
60                android:name="com.google.firebase.messaging.default_notification_channel_id"
60-->src\main\AndroidManifest.xml:34:17-93
61                android:value="high_importance_channel" />
61-->src\main\AndroidManifest.xml:35:17-56
62            <meta-data
62-->src\main\AndroidManifest.xml:36:13-38:55
63                android:name="com.google.firebase.messaging.default_notification_icon"
63-->src\main\AndroidManifest.xml:37:17-87
64                android:resource="@mipmap/app_icon" />
64-->src\main\AndroidManifest.xml:38:17-52
65            <meta-data
65-->src\main\AndroidManifest.xml:39:13-42:56
66                android:name="com.google.firebase.messaging.default_notification_color"
66-->src\main\AndroidManifest.xml:40:17-88
67                android:resource="@android:color/black" />
67-->src\main\AndroidManifest.xml:41:17-56
68            <meta-data
68-->src\main\AndroidManifest.xml:43:13-45:41
69                android:name="firebase_messaging_auto_init_enabled"
69-->src\main\AndroidManifest.xml:44:17-68
70                android:value="false" />
70-->src\main\AndroidManifest.xml:45:17-38
71            <meta-data
71-->src\main\AndroidManifest.xml:46:13-48:41
72                android:name="firebase_analytics_collection_enabled"
72-->src\main\AndroidManifest.xml:47:17-69
73                android:value="false" />
73-->src\main\AndroidManifest.xml:48:17-38
74
75            <intent-filter>
75-->src\main\AndroidManifest.xml:49:13-52:29
76                <action android:name="android.intent.action.MAIN" />
76-->src\main\AndroidManifest.xml:50:17-68
76-->src\main\AndroidManifest.xml:50:25-66
77
78                <category android:name="android.intent.category.LAUNCHER" />
78-->src\main\AndroidManifest.xml:51:17-76
78-->src\main\AndroidManifest.xml:51:27-74
79            </intent-filter>
80            <intent-filter>
80-->src\main\AndroidManifest.xml:53:13-56:29
81                <action android:name="FLUTTER_NOTIFICATION_CLICK" />
81-->src\main\AndroidManifest.xml:54:17-68
81-->src\main\AndroidManifest.xml:54:25-66
82
83                <category android:name="android.intent.category.DEFAULT" />
83-->src\main\AndroidManifest.xml:55:17-75
83-->src\main\AndroidManifest.xml:55:27-73
84            </intent-filter>
85        </activity>
86
87        <meta-data
87-->src\main\AndroidManifest.xml:59:9-61:33
88            android:name="flutterEmbedding"
88-->src\main\AndroidManifest.xml:60:13-44
89            android:value="2" />
89-->src\main\AndroidManifest.xml:61:13-30
90
91        <service
91-->[:firebase_messaging] AndroidManifest.xml:16:9-19:72
92            android:name="io.flutter.plugins.firebase.messaging.FlutterFirebaseMessagingBackgroundService"
92-->[:firebase_messaging] AndroidManifest.xml:17:13-107
93            android:exported="false"
93-->[:firebase_messaging] AndroidManifest.xml:18:13-37
94            android:permission="android.permission.BIND_JOB_SERVICE" />
94-->[:firebase_messaging] AndroidManifest.xml:19:13-69
95        <service
95-->[:firebase_messaging] AndroidManifest.xml:20:9-26:19
96            android:name="io.flutter.plugins.firebase.messaging.FlutterFirebaseMessagingService"
96-->[:firebase_messaging] AndroidManifest.xml:21:13-97
97            android:exported="false" >
97-->[:firebase_messaging] AndroidManifest.xml:22:13-37
98            <intent-filter>
98-->[:firebase_messaging] AndroidManifest.xml:23:13-25:29
99                <action android:name="com.google.firebase.MESSAGING_EVENT" />
99-->[:firebase_messaging] AndroidManifest.xml:24:17-78
99-->[:firebase_messaging] AndroidManifest.xml:24:25-75
100            </intent-filter>
101        </service>
102
103        <receiver
103-->[:firebase_messaging] AndroidManifest.xml:28:9-35:20
104            android:name="io.flutter.plugins.firebase.messaging.FlutterFirebaseMessagingReceiver"
104-->[:firebase_messaging] AndroidManifest.xml:29:13-98
105            android:exported="true"
105-->[:firebase_messaging] AndroidManifest.xml:30:13-36
106            android:permission="com.google.android.c2dm.permission.SEND" >
106-->[:firebase_messaging] AndroidManifest.xml:31:13-73
107            <intent-filter>
107-->[:firebase_messaging] AndroidManifest.xml:32:13-34:29
108                <action android:name="com.google.android.c2dm.intent.RECEIVE" />
108-->[:firebase_messaging] AndroidManifest.xml:33:17-81
108-->[:firebase_messaging] AndroidManifest.xml:33:25-78
109            </intent-filter>
110        </receiver>
111
112        <service
112-->[:firebase_messaging] AndroidManifest.xml:37:9-41:19
113            android:name="com.google.firebase.components.ComponentDiscoveryService"
113-->[:firebase_messaging] AndroidManifest.xml:37:18-89
114            android:directBootAware="true"
114-->[com.google.firebase:firebase-common:20.3.1] AndroidManifest.xml:34:13-43
115            android:exported="false" >
115-->[com.google.firebase:firebase-analytics-ktx:21.2.0] AndroidManifest.xml:10:13-37
116            <meta-data
116-->[:firebase_messaging] AndroidManifest.xml:38:13-40:85
117                android:name="com.google.firebase.components:io.flutter.plugins.firebase.messaging.FlutterFirebaseAppRegistrar"
117-->[:firebase_messaging] AndroidManifest.xml:39:17-128
118                android:value="com.google.firebase.components.ComponentRegistrar" />
118-->[:firebase_messaging] AndroidManifest.xml:40:17-82
119            <meta-data
119-->[:firebase_core] AndroidManifest.xml:11:13-13:85
120                android:name="com.google.firebase.components:io.flutter.plugins.firebase.core.FlutterFirebaseCoreRegistrar"
120-->[:firebase_core] AndroidManifest.xml:12:17-124
121                android:value="com.google.firebase.components.ComponentRegistrar" />
121-->[:firebase_core] AndroidManifest.xml:13:17-82
122            <meta-data
122-->[com.google.firebase:firebase-analytics-ktx:21.2.0] AndroidManifest.xml:11:13-13:85
123                android:name="com.google.firebase.components:com.google.firebase.analytics.ktx.FirebaseAnalyticsKtxRegistrar"
123-->[com.google.firebase:firebase-analytics-ktx:21.2.0] AndroidManifest.xml:12:17-126
124                android:value="com.google.firebase.components.ComponentRegistrar" />
124-->[com.google.firebase:firebase-analytics-ktx:21.2.0] AndroidManifest.xml:13:17-82
125            <meta-data
125-->[com.google.firebase:firebase-common-ktx:20.3.1] AndroidManifest.xml:14:13-16:85
126                android:name="com.google.firebase.components:com.google.firebase.ktx.FirebaseCommonKtxRegistrar"
126-->[com.google.firebase:firebase-common-ktx:20.3.1] AndroidManifest.xml:15:17-113
127                android:value="com.google.firebase.components.ComponentRegistrar" />
127-->[com.google.firebase:firebase-common-ktx:20.3.1] AndroidManifest.xml:16:17-82
128            <meta-data
128-->[com.google.firebase:firebase-iid:21.1.0] AndroidManifest.xml:32:13-34:85
129                android:name="com.google.firebase.components:com.google.firebase.iid.Registrar"
129-->[com.google.firebase:firebase-iid:21.1.0] AndroidManifest.xml:33:17-96
130                android:value="com.google.firebase.components.ComponentRegistrar" />
130-->[com.google.firebase:firebase-iid:21.1.0] AndroidManifest.xml:34:17-82
131            <meta-data
131-->[com.google.firebase:firebase-messaging:23.1.2] AndroidManifest.xml:55:13-57:85
132                android:name="com.google.firebase.components:com.google.firebase.messaging.FirebaseMessagingRegistrar"
132-->[com.google.firebase:firebase-messaging:23.1.2] AndroidManifest.xml:56:17-119
133                android:value="com.google.firebase.components.ComponentRegistrar" />
133-->[com.google.firebase:firebase-messaging:23.1.2] AndroidManifest.xml:57:17-82
134            <meta-data
134-->[com.google.android.gms:play-services-measurement-api:21.2.0] AndroidManifest.xml:31:13-33:85
135                android:name="com.google.firebase.components:com.google.firebase.analytics.connector.internal.AnalyticsConnectorRegistrar"
135-->[com.google.android.gms:play-services-measurement-api:21.2.0] AndroidManifest.xml:32:17-139
136                android:value="com.google.firebase.components.ComponentRegistrar" />
136-->[com.google.android.gms:play-services-measurement-api:21.2.0] AndroidManifest.xml:33:17-82
137            <meta-data
137-->[com.google.firebase:firebase-installations:17.1.3] AndroidManifest.xml:17:13-19:85
138                android:name="com.google.firebase.components:com.google.firebase.installations.FirebaseInstallationsRegistrar"
138-->[com.google.firebase:firebase-installations:17.1.3] AndroidManifest.xml:18:17-127
139                android:value="com.google.firebase.components.ComponentRegistrar" />
139-->[com.google.firebase:firebase-installations:17.1.3] AndroidManifest.xml:19:17-82
140            <meta-data
140-->[com.google.firebase:firebase-datatransport:18.1.7] AndroidManifest.xml:27:13-29:85
141                android:name="com.google.firebase.components:com.google.firebase.datatransport.TransportRegistrar"
141-->[com.google.firebase:firebase-datatransport:18.1.7] AndroidManifest.xml:28:17-115
142                android:value="com.google.firebase.components.ComponentRegistrar" />
142-->[com.google.firebase:firebase-datatransport:18.1.7] AndroidManifest.xml:29:17-82
143        </service>
144
145        <provider
145-->[:firebase_messaging] AndroidManifest.xml:43:9-47:38
146            android:name="io.flutter.plugins.firebase.messaging.FlutterFirebaseMessagingInitProvider"
146-->[:firebase_messaging] AndroidManifest.xml:44:13-102
147            android:authorities="com.infotaxsquare.lashari.info_tax_square.info_tax_square.flutterfirebasemessaginginitprovider"
147-->[:firebase_messaging] AndroidManifest.xml:45:13-88
148            android:exported="false"
148-->[:firebase_messaging] AndroidManifest.xml:46:13-37
149            android:initOrder="99" />
149-->[:firebase_messaging] AndroidManifest.xml:47:13-35
150
151        <receiver
151-->[:flutter_local_notifications] AndroidManifest.xml:16:9-18:40
152            android:name="com.dexterous.flutterlocalnotifications.ActionBroadcastReceiver"
152-->[:flutter_local_notifications] AndroidManifest.xml:17:13-91
153            android:exported="false" />
153-->[:flutter_local_notifications] AndroidManifest.xml:18:13-37
154        <receiver
154-->[:flutter_local_notifications] AndroidManifest.xml:19:9-21:40
155            android:name="com.dexterous.flutterlocalnotifications.ScheduledNotificationReceiver"
155-->[:flutter_local_notifications] AndroidManifest.xml:20:13-97
156            android:exported="false" />
156-->[:flutter_local_notifications] AndroidManifest.xml:21:13-37
157        <receiver
157-->[:flutter_local_notifications] AndroidManifest.xml:22:9-31:20
158            android:name="com.dexterous.flutterlocalnotifications.ScheduledNotificationBootReceiver"
158-->[:flutter_local_notifications] AndroidManifest.xml:23:13-101
159            android:exported="false" >
159-->[:flutter_local_notifications] AndroidManifest.xml:24:13-37
160            <intent-filter>
160-->[:flutter_local_notifications] AndroidManifest.xml:25:13-30:29
161                <action android:name="android.intent.action.BOOT_COMPLETED" />
161-->[:flutter_local_notifications] AndroidManifest.xml:26:17-79
161-->[:flutter_local_notifications] AndroidManifest.xml:26:25-76
162                <action android:name="android.intent.action.MY_PACKAGE_REPLACED" />
162-->[:flutter_local_notifications] AndroidManifest.xml:27:17-84
162-->[:flutter_local_notifications] AndroidManifest.xml:27:25-81
163                <action android:name="android.intent.action.QUICKBOOT_POWERON" />
163-->[:flutter_local_notifications] AndroidManifest.xml:28:17-82
163-->[:flutter_local_notifications] AndroidManifest.xml:28:25-79
164                <action android:name="com.htc.intent.action.QUICKBOOT_POWERON" />
164-->[:flutter_local_notifications] AndroidManifest.xml:29:17-82
164-->[:flutter_local_notifications] AndroidManifest.xml:29:25-79
165            </intent-filter>
166        </receiver>
167
168        <activity
168-->[:url_launcher_android] AndroidManifest.xml:10:9-13:74
169            android:name="io.flutter.plugins.urllauncher.WebViewActivity"
169-->[:url_launcher_android] AndroidManifest.xml:11:13-74
170            android:exported="false"
170-->[:url_launcher_android] AndroidManifest.xml:12:13-37
171            android:theme="@android:style/Theme.NoTitleBar.Fullscreen" />
171-->[:url_launcher_android] AndroidManifest.xml:13:13-71
172
173        <uses-library
173-->[androidx.window:window:1.0.0] AndroidManifest.xml:25:9-27:40
174            android:name="androidx.window.extensions"
174-->[androidx.window:window:1.0.0] AndroidManifest.xml:26:13-54
175            android:required="false" />
175-->[androidx.window:window:1.0.0] AndroidManifest.xml:27:13-37
176        <uses-library
176-->[androidx.window:window:1.0.0] AndroidManifest.xml:28:9-30:40
177            android:name="androidx.window.sidecar"
177-->[androidx.window:window:1.0.0] AndroidManifest.xml:29:13-51
178            android:required="false" />
178-->[androidx.window:window:1.0.0] AndroidManifest.xml:30:13-37
179
180        <receiver
180-->[com.google.firebase:firebase-messaging:23.1.2] AndroidManifest.xml:31:9-38:20
181            android:name="com.google.firebase.iid.FirebaseInstanceIdReceiver"
181-->[com.google.firebase:firebase-messaging:23.1.2] AndroidManifest.xml:32:13-78
182            android:exported="true"
182-->[com.google.firebase:firebase-messaging:23.1.2] AndroidManifest.xml:33:13-36
183            android:permission="com.google.android.c2dm.permission.SEND" >
183-->[com.google.firebase:firebase-messaging:23.1.2] AndroidManifest.xml:34:13-73
184            <intent-filter>
184-->[:firebase_messaging] AndroidManifest.xml:32:13-34:29
185                <action android:name="com.google.android.c2dm.intent.RECEIVE" />
185-->[:firebase_messaging] AndroidManifest.xml:33:17-81
185-->[:firebase_messaging] AndroidManifest.xml:33:25-78
186            </intent-filter>
187        </receiver>
188        <!--
189             FirebaseMessagingService performs security checks at runtime,
190             but set to not exported to explicitly avoid allowing another app to call it.
191        -->
192        <service
192-->[com.google.firebase:firebase-messaging:23.1.2] AndroidManifest.xml:44:9-51:19
193            android:name="com.google.firebase.messaging.FirebaseMessagingService"
193-->[com.google.firebase:firebase-messaging:23.1.2] AndroidManifest.xml:45:13-82
194            android:directBootAware="true"
194-->[com.google.firebase:firebase-messaging:23.1.2] AndroidManifest.xml:46:13-43
195            android:exported="false" >
195-->[com.google.firebase:firebase-messaging:23.1.2] AndroidManifest.xml:47:13-37
196            <intent-filter android:priority="-500" >
196-->[:firebase_messaging] AndroidManifest.xml:23:13-25:29
197                <action android:name="com.google.firebase.MESSAGING_EVENT" />
197-->[:firebase_messaging] AndroidManifest.xml:24:17-78
197-->[:firebase_messaging] AndroidManifest.xml:24:25-75
198            </intent-filter>
199        </service>
200
201        <provider
201-->[com.google.firebase:firebase-common:20.3.1] AndroidManifest.xml:25:9-30:39
202            android:name="com.google.firebase.provider.FirebaseInitProvider"
202-->[com.google.firebase:firebase-common:20.3.1] AndroidManifest.xml:26:13-77
203            android:authorities="com.infotaxsquare.lashari.info_tax_square.info_tax_square.firebaseinitprovider"
203-->[com.google.firebase:firebase-common:20.3.1] AndroidManifest.xml:27:13-72
204            android:directBootAware="true"
204-->[com.google.firebase:firebase-common:20.3.1] AndroidManifest.xml:28:13-43
205            android:exported="false"
205-->[com.google.firebase:firebase-common:20.3.1] AndroidManifest.xml:29:13-37
206            android:initOrder="100" />
206-->[com.google.firebase:firebase-common:20.3.1] AndroidManifest.xml:30:13-36
207
208        <activity
208-->[com.google.android.gms:play-services-base:18.0.1] AndroidManifest.xml:20:9-22:45
209            android:name="com.google.android.gms.common.api.GoogleApiActivity"
209-->[com.google.android.gms:play-services-base:18.0.1] AndroidManifest.xml:20:19-85
210            android:exported="false"
210-->[com.google.android.gms:play-services-base:18.0.1] AndroidManifest.xml:22:19-43
211            android:theme="@android:style/Theme.Translucent.NoTitleBar" />
211-->[com.google.android.gms:play-services-base:18.0.1] AndroidManifest.xml:21:19-78
212
213        <receiver
213-->[com.google.android.gms:play-services-measurement:21.2.0] AndroidManifest.xml:29:9-33:20
214            android:name="com.google.android.gms.measurement.AppMeasurementReceiver"
214-->[com.google.android.gms:play-services-measurement:21.2.0] AndroidManifest.xml:30:13-85
215            android:enabled="true"
215-->[com.google.android.gms:play-services-measurement:21.2.0] AndroidManifest.xml:31:13-35
216            android:exported="false" >
216-->[com.google.android.gms:play-services-measurement:21.2.0] AndroidManifest.xml:32:13-37
217        </receiver>
218
219        <service
219-->[com.google.android.gms:play-services-measurement:21.2.0] AndroidManifest.xml:35:9-38:40
220            android:name="com.google.android.gms.measurement.AppMeasurementService"
220-->[com.google.android.gms:play-services-measurement:21.2.0] AndroidManifest.xml:36:13-84
221            android:enabled="true"
221-->[com.google.android.gms:play-services-measurement:21.2.0] AndroidManifest.xml:37:13-35
222            android:exported="false" />
222-->[com.google.android.gms:play-services-measurement:21.2.0] AndroidManifest.xml:38:13-37
223        <service
223-->[com.google.android.gms:play-services-measurement:21.2.0] AndroidManifest.xml:39:9-43:72
224            android:name="com.google.android.gms.measurement.AppMeasurementJobService"
224-->[com.google.android.gms:play-services-measurement:21.2.0] AndroidManifest.xml:40:13-87
225            android:enabled="true"
225-->[com.google.android.gms:play-services-measurement:21.2.0] AndroidManifest.xml:41:13-35
226            android:exported="false"
226-->[com.google.android.gms:play-services-measurement:21.2.0] AndroidManifest.xml:42:13-37
227            android:permission="android.permission.BIND_JOB_SERVICE" />
227-->[com.google.android.gms:play-services-measurement:21.2.0] AndroidManifest.xml:43:13-69
228
229        <meta-data
229-->[com.google.android.gms:play-services-basement:18.1.0] AndroidManifest.xml:21:9-23:69
230            android:name="com.google.android.gms.version"
230-->[com.google.android.gms:play-services-basement:18.1.0] AndroidManifest.xml:22:13-58
231            android:value="@integer/google_play_services_version" />
231-->[com.google.android.gms:play-services-basement:18.1.0] AndroidManifest.xml:23:13-66
232
233        <service
233-->[com.google.android.datatransport:transport-backend-cct:3.1.8] AndroidManifest.xml:28:9-34:19
234            android:name="com.google.android.datatransport.runtime.backends.TransportBackendDiscovery"
234-->[com.google.android.datatransport:transport-backend-cct:3.1.8] AndroidManifest.xml:29:13-103
235            android:exported="false" >
235-->[com.google.android.datatransport:transport-backend-cct:3.1.8] AndroidManifest.xml:30:13-37
236            <meta-data
236-->[com.google.android.datatransport:transport-backend-cct:3.1.8] AndroidManifest.xml:31:13-33:39
237                android:name="backend:com.google.android.datatransport.cct.CctBackendFactory"
237-->[com.google.android.datatransport:transport-backend-cct:3.1.8] AndroidManifest.xml:32:17-94
238                android:value="cct" />
238-->[com.google.android.datatransport:transport-backend-cct:3.1.8] AndroidManifest.xml:33:17-36
239        </service>
240        <service
240-->[com.google.android.datatransport:transport-runtime:3.1.8] AndroidManifest.xml:26:9-30:19
241            android:name="com.google.android.datatransport.runtime.scheduling.jobscheduling.JobInfoSchedulerService"
241-->[com.google.android.datatransport:transport-runtime:3.1.8] AndroidManifest.xml:27:13-117
242            android:exported="false"
242-->[com.google.android.datatransport:transport-runtime:3.1.8] AndroidManifest.xml:28:13-37
243            android:permission="android.permission.BIND_JOB_SERVICE" >
243-->[com.google.android.datatransport:transport-runtime:3.1.8] AndroidManifest.xml:29:13-69
244        </service>
245
246        <receiver
246-->[com.google.android.datatransport:transport-runtime:3.1.8] AndroidManifest.xml:32:9-34:40
247            android:name="com.google.android.datatransport.runtime.scheduling.jobscheduling.AlarmManagerSchedulerBroadcastReceiver"
247-->[com.google.android.datatransport:transport-runtime:3.1.8] AndroidManifest.xml:33:13-132
248            android:exported="false" />
248-->[com.google.android.datatransport:transport-runtime:3.1.8] AndroidManifest.xml:34:13-37
249
250        <provider
250-->[androidx.emoji2:emoji2:1.2.0] AndroidManifest.xml:24:9-32:20
251            android:name="androidx.startup.InitializationProvider"
251-->[androidx.emoji2:emoji2:1.2.0] AndroidManifest.xml:25:13-67
252            android:authorities="com.infotaxsquare.lashari.info_tax_square.info_tax_square.androidx-startup"
252-->[androidx.emoji2:emoji2:1.2.0] AndroidManifest.xml:26:13-68
253            android:exported="false" >
253-->[androidx.emoji2:emoji2:1.2.0] AndroidManifest.xml:27:13-37
254            <meta-data
254-->[androidx.emoji2:emoji2:1.2.0] AndroidManifest.xml:29:13-31:52
255                android:name="androidx.emoji2.text.EmojiCompatInitializer"
255-->[androidx.emoji2:emoji2:1.2.0] AndroidManifest.xml:30:17-75
256                android:value="androidx.startup" />
256-->[androidx.emoji2:emoji2:1.2.0] AndroidManifest.xml:31:17-49
257            <meta-data
257-->[androidx.lifecycle:lifecycle-process:2.4.1] AndroidManifest.xml:31:13-33:52
258                android:name="androidx.lifecycle.ProcessLifecycleInitializer"
258-->[androidx.lifecycle:lifecycle-process:2.4.1] AndroidManifest.xml:32:17-78
259                android:value="androidx.startup" />
259-->[androidx.lifecycle:lifecycle-process:2.4.1] AndroidManifest.xml:33:17-49
260        </provider>
261    </application>
262
263</manifest>